# JRE version: Java(TM) SE Runtime Environment (8.0_25-b18) (build 1.8.0_25-b18)
# Java VM: Java HotSpot(TM) 64-Bit Server VM (25.25-b02 mixed mode windows-amd64 compressed oops)
Heap:
 PSYoungGen      total 221184K, used 56178K [0x000000076c380000, 0x000000077ad80000, 0x00000007c0000000)
  eden space 203264K, 21% used [0x000000076c380000,0x000000076ed548b0,0x0000000778a00000)
  from space 17920K, 74% used [0x0000000778a00000,0x00000007797081c0,0x0000000779b80000)
  to   space 16384K, 0% used [0x0000000779b80000,0x0000000779b80000,0x000000077ab80000)
 ParOldGen       total 248832K, used 24249K [0x00000006c4a00000, 0x00000006d3d00000, 0x000000076c380000)
  object space 248832K, 9% used [0x00000006c4a00000,0x00000006c61ae738,0x00000006d3d00000)
 Metaspace       used 75293K, capacity 79880K, committed 79960K, reserved 1118208K
  class space    used 10061K, capacity 11093K, committed 11136K, reserved 1048576K
GC Heap History (10 events):
Event: 16.187 GC heap before
{Heap before GC invocations=10 (full 2):
 PSYoungGen      total 141824K, used 141107K [0x000000076c380000, 0x0000000778b00000, 0x00000007c0000000)
  eden space 129536K, 100% used [0x000000076c380000,0x0000000774200000,0x0000000774200000)
  from space 12288K, 94% used [0x0000000774200000,0x0000000774d4ce60,0x0000000774e00000)
  to   space 13312K, 0% used [0x0000000777e00000,0x0000000777e00000,0x0000000778b00000)
 ParOldGen       total 173568K, used 14672K [0x00000006c4a00000, 0x00000006cf380000, 0x000000076c380000)
  object space 173568K, 8% used [0x00000006c4a00000,0x00000006c58541b0,0x00000006cf380000)
 Metaspace       used 51005K, capacity 53260K, committed 53336K, reserved 1095680K
  class space    used 6575K, capacity 6968K, committed 7040K, reserved 1048576K
Event: 16.201 GC heap after
Heap after GC invocations=10 (full 2):
 PSYoungGen      total 186880K, used 13302K [0x000000076c380000, 0x0000000778b00000, 0x00000007c0000000)
  eden space 173568K, 0% used [0x000000076c380000,0x000000076c380000,0x0000000776d00000)
  from space 13312K, 99% used [0x0000000777e00000,0x0000000778afd9e8,0x0000000778b00000)
  to   space 14848K, 0% used [0x0000000776e00000,0x0000000776e00000,0x0000000777c80000)
 ParOldGen       total 173568K, used 14680K [0x00000006c4a00000, 0x00000006cf380000, 0x000000076c380000)
  object space 173568K, 8% used [0x00000006c4a00000,0x00000006c58561b0,0x00000006cf380000)
 Metaspace       used 51005K, capacity 53260K, committed 53336K, reserved 1095680K
  class space    used 6575K, capacity 6968K, committed 7040K, reserved 1048576K
}
Event: 20.370 GC heap before
{Heap before GC invocations=11 (full 2):
 PSYoungGen      total 186880K, used 118024K [0x000000076c380000, 0x0000000778b00000, 0x00000007c0000000)
  eden space 173568K, 60% used [0x000000076c380000,0x00000007729c48a0,0x0000000776d00000)
  from space 13312K, 99% used [0x0000000777e00000,0x0000000778afd9e8,0x0000000778b00000)
  to   space 14848K, 0% used [0x0000000776e00000,0x0000000776e00000,0x0000000777c80000)
 ParOldGen       total 173568K, used 14680K [0x00000006c4a00000, 0x00000006cf380000, 0x000000076c380000)
  object space 173568K, 8% used [0x00000006c4a00000,0x00000006c58561b0,0x00000006cf380000)
 Metaspace       used 56187K, capacity 58884K, committed 58968K, reserved 1099776K
  class space    used 7278K, capacity 7782K, committed 7808K, reserved 1048576K
Event: 20.384 GC heap after
Heap after GC invocations=11 (full 2):
 PSYoungGen      total 189440K, used 14393K [0x000000076c380000, 0x000000077ab80000, 0x00000007c0000000)
  eden space 174592K, 0% used [0x000000076c380000,0x000000076c380000,0x0000000776e00000)
  from space 14848K, 96% used [0x0000000776e00000,0x0000000777c0e608,0x0000000777c80000)
  to   space 16384K, 0% used [0x0000000779b80000,0x0000000779b80000,0x000000077ab80000)
 ParOldGen       total 173568K, used 14688K [0x00000006c4a00000, 0x00000006cf380000, 0x000000076c380000)
  object space 173568K, 8% used [0x00000006c4a00000,0x00000006c58581b0,0x00000006cf380000)
 Metaspace       used 56187K, capacity 58884K, committed 58968K, reserved 1099776K
  class space    used 7278K, capacity 7782K, committed 7808K, reserved 1048576K
}
Event: 20.384 GC heap before
{Heap before GC invocations=12 (full 3):
 PSYoungGen      total 189440K, used 14393K [0x000000076c380000, 0x000000077ab80000, 0x00000007c0000000)
  eden space 174592K, 0% used [0x000000076c380000,0x000000076c380000,0x0000000776e00000)
  from space 14848K, 96% used [0x0000000776e00000,0x0000000777c0e608,0x0000000777c80000)
  to   space 16384K, 0% used [0x0000000779b80000,0x0000000779b80000,0x000000077ab80000)
 ParOldGen       total 173568K, used 14688K [0x00000006c4a00000, 0x00000006cf380000, 0x000000076c380000)
  object space 173568K, 8% used [0x00000006c4a00000,0x00000006c58581b0,0x00000006cf380000)
 Metaspace       used 56187K, capacity 58884K, committed 58968K, reserved 1099776K
  class space    used 7278K, capacity 7782K, committed 7808K, reserved 1048576K
Event: 20.573 GC heap after
Heap after GC invocations=12 (full 3):
 PSYoungGen      total 189440K, used 0K [0x000000076c380000, 0x000000077ab80000, 0x00000007c0000000)
  eden space 174592K, 0% used [0x000000076c380000,0x000000076c380000,0x0000000776e00000)
  from space 14848K, 0% used [0x0000000776e00000,0x0000000776e00000,0x0000000777c80000)
  to   space 16384K, 0% used [0x0000000779b80000,0x0000000779b80000,0x000000077ab80000)
 ParOldGen       total 248832K, used 24233K [0x00000006c4a00000, 0x00000006d3d00000, 0x000000076c380000)
  object space 248832K, 9% used [0x00000006c4a00000,0x00000006c61aa738,0x00000006d3d00000)
 Metaspace       used 56187K, capacity 58884K, committed 58968K, reserved 1099776K
  class space    used 7278K, capacity 7782K, committed 7808K, reserved 1048576K
}
Event: 25.056 GC heap before
{Heap before GC invocations=13 (full 3):
 PSYoungGen      total 189440K, used 174592K [0x000000076c380000, 0x000000077ab80000, 0x00000007c0000000)
  eden space 174592K, 100% used [0x000000076c380000,0x0000000776e00000,0x0000000776e00000)
  from space 14848K, 0% used [0x0000000776e00000,0x0000000776e00000,0x0000000777c80000)
  to   space 16384K, 0% used [0x0000000779b80000,0x0000000779b80000,0x000000077ab80000)
 ParOldGen       total 248832K, used 24233K [0x00000006c4a00000, 0x00000006d3d00000, 0x000000076c380000)
  object space 248832K, 9% used [0x00000006c4a00000,0x00000006c61aa738,0x00000006d3d00000)
 Metaspace       used 68306K, capacity 72042K, committed 72280K, reserved 1112064K
  class space    used 9159K, capacity 10031K, committed 10112K, reserved 1048576K
Event: 25.070 GC heap after
Heap after GC invocations=13 (full 3):
 PSYoungGen      total 219648K, used 16045K [0x000000076c380000, 0x000000077ad80000, 0x00000007c0000000)
  eden space 203264K, 0% used [0x000000076c380000,0x000000076c380000,0x0000000778a00000)
  from space 16384K, 97% used [0x0000000779b80000,0x000000077ab2b7d8,0x000000077ab80000)
  to   space 17920K, 0% used [0x0000000778a00000,0x0000000778a00000,0x0000000779b80000)
 ParOldGen       total 248832K, used 24241K [0x00000006c4a00000, 0x00000006d3d00000, 0x000000076c380000)
  object space 248832K, 9% used [0x00000006c4a00000,0x00000006c61ac738,0x00000006d3d00000)
 Metaspace       used 68306K, capacity 72042K, committed 72280K, reserved 1112064K
  class space    used 9159K, capacity 10031K, committed 10112K, reserved 1048576K
}
Event: 28.738 GC heap before
{Heap before GC invocations=14 (full 3):
 PSYoungGen      total 219648K, used 219309K [0x000000076c380000, 0x000000077ad80000, 0x00000007c0000000)
  eden space 203264K, 100% used [0x000000076c380000,0x0000000778a00000,0x0000000778a00000)
  from space 16384K, 97% used [0x0000000779b80000,0x000000077ab2b7d8,0x000000077ab80000)
  to   space 17920K, 0% used [0x0000000778a00000,0x0000000778a00000,0x0000000779b80000)
 ParOldGen       total 248832K, used 24241K [0x00000006c4a00000, 0x00000006d3d00000, 0x000000076c380000)
  object space 248832K, 9% used [0x00000006c4a00000,0x00000006c61ac738,0x00000006d3d00000)
 Metaspace       used 73966K, capacity 78412K, committed 78680K, reserved 1118208K
  class space    used 9876K, capacity 10860K, committed 10880K, reserved 1048576K
Event: 28.755 GC heap after
Heap after GC invocations=14 (full 3):
 PSYoungGen      total 221184K, used 13344K [0x000000076c380000, 0x000000077ad80000, 0x00000007c0000000)
  eden space 203264K, 0% used [0x000000076c380000,0x000000076c380000,0x0000000778a00000)
  from space 17920K, 74% used [0x0000000778a00000,0x00000007797081c0,0x0000000779b80000)
  to   space 16384K, 0% used [0x0000000779b80000,0x0000000779b80000,0x000000077ab80000)
 ParOldGen       total 248832K, used 24249K [0x00000006c4a00000, 0x00000006d3d00000, 0x000000076c380000)
  object space 248832K, 9% used [0x00000006c4a00000,0x00000006c61ae738,0x00000006d3d00000)
 Metaspace       used 73966K, capacity 78412K, committed 78680K, reserved 1118208K
  class space    used 9876K, capacity 10860K, committed 10880K, reserved 1048576K
}

